01/26/2024 10:26:51 AM: INFO: ********** Launching chrome browser...
01/26/2024 10:26:53 AM: INFO: ********** Test_001_Login **********
01/26/2024 10:26:53 AM: INFO: ***** Verifying Homepage Title
01/26/2024 10:26:54 AM: INFO: Homepage Title test Passed
01/26/2024 10:26:54 AM: INFO: ********** Launching chrome browser...
01/26/2024 10:26:56 AM: INFO: ***** Verifying Login test
01/26/2024 10:27:00 AM: INFO: Login test Passed
01/26/2024 10:27:24 AM: INFO: ********** Launching wer browser...
01/26/2024 10:27:25 AM: INFO: ********** Launching wer browser...
01/26/2024 10:30:22 AM: INFO: ********** Launching chrome browser...
01/26/2024 10:30:24 AM: INFO: ********** Test_001_Login **********
01/26/2024 10:30:24 AM: INFO: ***** Verifying Homepage Title
01/26/2024 10:30:26 AM: INFO: Homepage Title test Passed
01/26/2024 10:30:26 AM: INFO: ********** Launching chrome browser...
01/26/2024 10:30:28 AM: INFO: ***** Verifying Login test
01/26/2024 10:30:32 AM: INFO: Login test Passed
01/26/2024 10:36:22 AM: INFO: ********** Launching chrome browser...
01/26/2024 10:36:24 AM: INFO: ********** Test_001_Login **********
01/26/2024 10:36:24 AM: INFO: ***** Verifying Homepage Title
01/26/2024 10:36:24 AM: INFO: ***** Verifying Login test
01/26/2024 10:36:25 AM: INFO: Homepage Title test Passed
01/26/2024 10:36:28 AM: INFO: Login test Passed
01/26/2024 11:03:17 AM: INFO: ********** Launching chrome browser...
01/26/2024 11:03:19 AM: INFO: ********** Test_001_Login **********
01/26/2024 11:03:19 AM: INFO: ***** Verifying Homepage Title
01/26/2024 11:03:20 AM: INFO: Homepage Title test Passed
01/26/2024 11:03:20 AM: INFO: ********** Launching chrome browser...
01/26/2024 11:03:22 AM: INFO: ***** Verifying Login test
01/26/2024 11:03:26 AM: INFO: Login test Passed
01/26/2024 11:05:39 AM: INFO: ********** Launching chrome browser...
01/26/2024 11:05:41 AM: INFO: ********** Test_001_Login **********
01/26/2024 11:05:41 AM: INFO: ***** Verifying Homepage Title
01/26/2024 11:05:42 AM: INFO: Homepage Title test Passed
01/26/2024 11:05:42 AM: INFO: ********** Launching chrome browser...
01/26/2024 11:05:44 AM: INFO: ***** Verifying Login test
01/26/2024 11:05:47 AM: INFO: Login test Passed
